[SQL_LOG:2021-03-31 13:42:55]:  SELECT  customer_no  FROM  session  WHERE  session_key = ?     [3d1be1ce8192c86ff4ef6c5710a11f1e]
[SQL_LOG:2021-03-31 13:42:55]:  SELECT  ctg_id, category_name  FROM  category     []
[SQL_LOG:2021-03-31 13:42:55]:  SELECT  book_id, title, price, image, ctg_id  FROM  Book     []
[SQL_LOG:2021-03-31 13:42:56]:  SELECT  customer_no  FROM  session  WHERE  session_key = ?     [3d1be1ce8192c86ff4ef6c5710a11f1e]
[SQL_LOG:2021-03-31 13:42:56]:  SELECT  ctg_id, category_name  FROM  category     []
[SQL_LOG:2021-03-31 13:42:56]:  SELECT  book_id, title, price, image, ctg_id  FROM  Book     []
[SQL_LOG:2021-03-31 13:43:00]:  SELECT  customer_no  FROM  session  WHERE  session_key = ?     [3d1be1ce8192c86ff4ef6c5710a11f1e]
[SQL_LOG:2021-03-31 13:43:00]:  SELECT  ctg_id, category_name  FROM  category     []
[SQL_LOG:2021-03-31 13:43:00]:  SELECT  book_id, title, price, image, ctg_id  FROM  Book     []
[SQL_LOG:2021-03-31 13:43:00]:  SELECT  customer_no  FROM  session  WHERE  session_key = ?     [3d1be1ce8192c86ff4ef6c5710a11f1e]
[SQL_LOG:2021-03-31 13:43:01]:  SELECT  ctg_id, category_name  FROM  category     []
[SQL_LOG:2021-03-31 13:43:01]:  SELECT  book_id, title, price, image, ctg_id  FROM  Book     []
[SQL_LOG:2021-03-31 13:43:01]:  SELECT  customer_no  FROM  session  WHERE  session_key = ?     [3d1be1ce8192c86ff4ef6c5710a11f1e]
[SQL_LOG:2021-03-31 13:43:01]:  SELECT  ctg_id, category_name  FROM  category     []
[SQL_LOG:2021-03-31 13:43:01]:  SELECT  book_id, title, price, image, ctg_id  FROM  Book     []
[SQL_LOG:2021-03-31 13:44:33]:  SELECT  customer_no  FROM  session  WHERE  session_key = ?     [3d1be1ce8192c86ff4ef6c5710a11f1e]
[SQL_LOG:2021-03-31 13:44:33]:  SELECT  ctg_id, category_name  FROM  category     []
[SQL_LOG:2021-03-31 13:44:33]:  SELECT  book_id, title, price, image, ctg_id  FROM  Book     []
[SQL_LOG:2021-03-31 13:45:46]:  SELECT  customer_no  FROM  session  WHERE  session_key = ?     [3d1be1ce8192c86ff4ef6c5710a11f1e]
[SQL_LOG:2021-03-31 13:45:46]:  SELECT  ctg_id, category_name  FROM  category     []
[SQL_LOG:2021-03-31 13:45:46]:  SELECT  book_id, title, price, image, ctg_id  FROM  Book     []
[SQL_LOG:2021-03-31 13:45:46]:  SELECT  customer_no  FROM  session  WHERE  session_key = ?     [3d1be1ce8192c86ff4ef6c5710a11f1e]
[SQL_LOG:2021-03-31 13:45:46]:  SELECT  ctg_id, category_name  FROM  category     []
[SQL_LOG:2021-03-31 13:45:46]:  SELECT  book_id, title, price, image, ctg_id  FROM  Book     []
[SQL_LOG:2021-03-31 13:45:47]:  SELECT  customer_no  FROM  session  WHERE  session_key = ?     [3d1be1ce8192c86ff4ef6c5710a11f1e]
[SQL_LOG:2021-03-31 13:45:47]:  SELECT  ctg_id, category_name  FROM  category     []
[SQL_LOG:2021-03-31 13:45:47]:  SELECT  book_id, title, price, image, ctg_id  FROM  Book     []
[SQL_LOG:2021-03-31 13:46:07]:  SELECT  customer_no  FROM  session  WHERE  session_key = ?     [3d1be1ce8192c86ff4ef6c5710a11f1e]
[SQL_LOG:2021-03-31 13:46:07]:  SELECT  ctg_id, category_name  FROM  category     []
[SQL_LOG:2021-03-31 13:46:07]:  SELECT  book_id, title, price, image, ctg_id  FROM  Book     []
[SQL_LOG:2021-03-31 13:46:32]:  SELECT  customer_no  FROM  session  WHERE  session_key = ?     [3d1be1ce8192c86ff4ef6c5710a11f1e]
[SQL_LOG:2021-03-31 13:46:32]:  SELECT  ctg_id, category_name  FROM  category     []
[SQL_LOG:2021-03-31 13:46:32]:  SELECT  book_id, title, price, image, ctg_id  FROM  Book     []
[SQL_LOG:2021-03-31 13:46:33]:  SELECT  customer_no  FROM  session  WHERE  session_key = ?     [3d1be1ce8192c86ff4ef6c5710a11f1e]
[SQL_LOG:2021-03-31 13:46:33]:  SELECT  ctg_id, category_name  FROM  category     []
[SQL_LOG:2021-03-31 13:46:33]:  SELECT  book_id, title, price, image, ctg_id  FROM  Book     []
[SQL_LOG:2021-03-31 13:46:33]:  SELECT  customer_no  FROM  session  WHERE  session_key = ?     [3d1be1ce8192c86ff4ef6c5710a11f1e]
[SQL_LOG:2021-03-31 13:46:33]:  SELECT  ctg_id, category_name  FROM  category     []
[SQL_LOG:2021-03-31 13:46:33]:  SELECT  book_id, title, price, image, ctg_id  FROM  Book     []
[SQL_LOG:2021-03-31 13:46:34]:  SELECT  customer_no  FROM  session  WHERE  session_key = ?     [3d1be1ce8192c86ff4ef6c5710a11f1e]
[SQL_LOG:2021-03-31 13:46:34]:  SELECT  ctg_id, category_name  FROM  category     []
[SQL_LOG:2021-03-31 13:46:34]:  SELECT  book_id, title, price, image, ctg_id  FROM  Book     []
[SQL_LOG:2021-03-31 13:46:34]:  SELECT  customer_no  FROM  session  WHERE  session_key = ?     [3d1be1ce8192c86ff4ef6c5710a11f1e]
[SQL_LOG:2021-03-31 13:46:34]:  SELECT  ctg_id, category_name  FROM  category     []
[SQL_LOG:2021-03-31 13:46:34]:  SELECT  book_id, title, price, image, ctg_id  FROM  Book     []
[SQL_LOG:2021-03-31 13:46:34]:  SELECT  customer_no  FROM  session  WHERE  session_key = ?     [3d1be1ce8192c86ff4ef6c5710a11f1e]
[SQL_LOG:2021-03-31 13:46:34]:  SELECT  ctg_id, category_name  FROM  category     []
[SQL_LOG:2021-03-31 13:46:34]:  SELECT  book_id, title, price, image, ctg_id  FROM  Book     []
[SQL_LOG:2021-03-31 13:46:34]:  SELECT  customer_no  FROM  session  WHERE  session_key = ?     [3d1be1ce8192c86ff4ef6c5710a11f1e]
[SQL_LOG:2021-03-31 13:46:34]:  SELECT  ctg_id, category_name  FROM  category     []
[SQL_LOG:2021-03-31 13:46:34]:  SELECT  book_id, title, price, image, ctg_id  FROM  Book     []
[SQL_LOG:2021-03-31 13:46:35]:  SELECT  customer_no  FROM  session  WHERE  session_key = ?     [3d1be1ce8192c86ff4ef6c5710a11f1e]
[SQL_LOG:2021-03-31 13:46:35]:  SELECT  ctg_id, category_name  FROM  category     []
[SQL_LOG:2021-03-31 13:46:35]:  SELECT  book_id, title, price, image, ctg_id  FROM  Book     []
[SQL_LOG:2021-03-31 13:46:38]:  SELECT  customer_no  FROM  session  WHERE  session_key = ?     [3d1be1ce8192c86ff4ef6c5710a11f1e]
[SQL_LOG:2021-03-31 13:46:38]:  SELECT  ctg_id, category_name  FROM  category     []
[SQL_LOG:2021-03-31 13:46:38]:  SELECT  book_id, title, price, image, ctg_id  FROM  Book     []
[SQL_LOG:2021-03-31 13:47:26]:  SELECT  customer_no  FROM  session  WHERE  session_key = ?     [3d1be1ce8192c86ff4ef6c5710a11f1e]
[SQL_LOG:2021-03-31 13:47:26]:  SELECT  ctg_id, category_name  FROM  category     []
[SQL_LOG:2021-03-31 13:47:26]:  SELECT  book_id, title, price, image, ctg_id  FROM  Book     []
[SQL_LOG:2021-03-31 13:47:27]:  SELECT  customer_no  FROM  session  WHERE  session_key = ?     [3d1be1ce8192c86ff4ef6c5710a11f1e]
[SQL_LOG:2021-03-31 13:47:27]:  SELECT  ctg_id, category_name  FROM  category     []
[SQL_LOG:2021-03-31 13:47:27]:  SELECT  book_id, title, price, image, ctg_id  FROM  Book     []
[SQL_LOG:2021-03-31 13:48:11]:  SELECT  customer_no  FROM  session  WHERE  session_key = ?     [3d1be1ce8192c86ff4ef6c5710a11f1e]
[SQL_LOG:2021-03-31 13:48:11]:  SELECT  ctg_id, category_name  FROM  category     []
[SQL_LOG:2021-03-31 13:48:11]:  SELECT  book_id, title, price, image, ctg_id  FROM  Book     []
[SQL_LOG:2021-03-31 13:48:12]:  SELECT  customer_no  FROM  session  WHERE  session_key = ?     [3d1be1ce8192c86ff4ef6c5710a11f1e]
[SQL_LOG:2021-03-31 13:48:12]:  SELECT  ctg_id, category_name  FROM  category     []
[SQL_LOG:2021-03-31 13:48:12]:  SELECT  book_id, title, price, image, ctg_id  FROM  Book     []
[SQL_LOG:2021-03-31 13:48:12]:  SELECT  customer_no  FROM  session  WHERE  session_key = ?     [3d1be1ce8192c86ff4ef6c5710a11f1e]
[SQL_LOG:2021-03-31 13:48:12]:  SELECT  ctg_id, category_name  FROM  category     []
[SQL_LOG:2021-03-31 13:48:12]:  SELECT  book_id, title, price, image, ctg_id  FROM  Book     []
[SQL_LOG:2021-03-31 13:48:12]:  SELECT  customer_no  FROM  session  WHERE  session_key = ?     [3d1be1ce8192c86ff4ef6c5710a11f1e]
[SQL_LOG:2021-03-31 13:48:12]:  SELECT  ctg_id, category_name  FROM  category     []
[SQL_LOG:2021-03-31 13:48:12]:  SELECT  book_id, title, price, image, ctg_id  FROM  Book     []
[SQL_LOG:2021-03-31 13:48:13]:  SELECT  customer_no  FROM  session  WHERE  session_key = ?     [3d1be1ce8192c86ff4ef6c5710a11f1e]
[SQL_LOG:2021-03-31 13:48:13]:  SELECT  ctg_id, category_name  FROM  category     []
[SQL_LOG:2021-03-31 13:48:13]:  SELECT  book_id, title, price, image, ctg_id  FROM  Book     []
[SQL_LOG:2021-03-31 13:48:13]:  SELECT  customer_no  FROM  session  WHERE  session_key = ?     [3d1be1ce8192c86ff4ef6c5710a11f1e]
[SQL_LOG:2021-03-31 13:48:13]:  SELECT  ctg_id, category_name  FROM  category     []
[SQL_LOG:2021-03-31 13:48:13]:  SELECT  book_id, title, price, image, ctg_id  FROM  Book     []
[SQL_LOG:2021-03-31 13:48:56]:  SELECT  customer_no  FROM  session  WHERE  session_key = ?     [3d1be1ce8192c86ff4ef6c5710a11f1e]
[SQL_LOG:2021-03-31 13:48:56]:  SELECT  ctg_id, category_name  FROM  category     []
[SQL_LOG:2021-03-31 13:48:56]:  SELECT  book_id, title, price, image, ctg_id  FROM  Book     []
[SQL_LOG:2021-03-31 13:49:39]:  SELECT  customer_no  FROM  session  WHERE  session_key = ?     [3d1be1ce8192c86ff4ef6c5710a11f1e]
[SQL_LOG:2021-03-31 13:49:39]:  SELECT  ctg_id, category_name  FROM  category     []
[SQL_LOG:2021-03-31 13:49:39]:  SELECT  book_id, title, price, image, ctg_id  FROM  Book     []
[SQL_LOG:2021-03-31 13:50:41]:  SELECT  customer_no  FROM  session  WHERE  session_key = ?     [3d1be1ce8192c86ff4ef6c5710a11f1e]
[SQL_LOG:2021-03-31 13:50:41]:  SELECT  ctg_id, category_name  FROM  category     []
[SQL_LOG:2021-03-31 13:50:41]:  SELECT  book_id, title, price, image, ctg_id  FROM  Book     []
[SQL_LOG:2021-03-31 13:52:20]:  SELECT  customer_no  FROM  session  WHERE  session_key = ?     [3d1be1ce8192c86ff4ef6c5710a11f1e]
[SQL_LOG:2021-03-31 13:52:20]:  SELECT  ctg_id, category_name  FROM  category     []
[SQL_LOG:2021-03-31 13:52:20]:  SELECT  book_id, title, price, image, ctg_id  FROM  Book     []
[SQL_LOG:2021-03-31 13:52:21]:  SELECT  customer_no  FROM  session  WHERE  session_key = ?     [3d1be1ce8192c86ff4ef6c5710a11f1e]
[SQL_LOG:2021-03-31 13:52:21]:  SELECT  ctg_id, category_name  FROM  category     []
[SQL_LOG:2021-03-31 13:52:21]:  SELECT  book_id, title, price, image, ctg_id  FROM  Book     []
[SQL_LOG:2021-03-31 13:52:21]:  SELECT  customer_no  FROM  session  WHERE  session_key = ?     [3d1be1ce8192c86ff4ef6c5710a11f1e]
[SQL_LOG:2021-03-31 13:52:21]:  SELECT  ctg_id, category_name  FROM  category     []
[SQL_LOG:2021-03-31 13:52:21]:  SELECT  book_id, title, price, image, ctg_id  FROM  Book     []
[SQL_LOG:2021-03-31 13:52:21]:  SELECT  customer_no  FROM  session  WHERE  session_key = ?     [3d1be1ce8192c86ff4ef6c5710a11f1e]
[SQL_LOG:2021-03-31 13:52:21]:  SELECT  ctg_id, category_name  FROM  category     []
[SQL_LOG:2021-03-31 13:52:21]:  SELECT  book_id, title, price, image, ctg_id  FROM  Book     []
[SQL_LOG:2021-03-31 13:55:37]:  SELECT  customer_no  FROM  session  WHERE  session_key = ?     [3d1be1ce8192c86ff4ef6c5710a11f1e]
[SQL_LOG:2021-03-31 13:55:37]:  SELECT  ctg_id, category_name  FROM  category     []
[SQL_LOG:2021-03-31 13:55:37]:  SELECT  book_id, title, price, image, ctg_id  FROM  Book     []
[SQL_LOG:2021-03-31 13:55:38]:  SELECT  customer_no  FROM  session  WHERE  session_key = ?     [3d1be1ce8192c86ff4ef6c5710a11f1e]
[SQL_LOG:2021-03-31 13:55:38]:  SELECT  ctg_id, category_name  FROM  category     []
[SQL_LOG:2021-03-31 13:55:38]:  SELECT  book_id, title, price, image, ctg_id  FROM  Book     []
[SQL_LOG:2021-03-31 13:58:03]:  SELECT  customer_no  FROM  session  WHERE  session_key = ?     [3d1be1ce8192c86ff4ef6c5710a11f1e]
[SQL_LOG:2021-03-31 13:58:03]:  SELECT  ctg_id, category_name  FROM  category     []
[SQL_LOG:2021-03-31 13:58:03]:  SELECT  book_id, title, price, image, ctg_id  FROM  Book     []
[SQL_LOG:2021-03-31 13:58:53]:  SELECT  customer_no  FROM  session  WHERE  session_key = ?     [3d1be1ce8192c86ff4ef6c5710a11f1e]
[SQL_LOG:2021-03-31 13:58:53]:  SELECT  ctg_id, category_name  FROM  category     []
[SQL_LOG:2021-03-31 13:58:53]:  SELECT  book_id, title, price, image, ctg_id  FROM  Book     []
[SQL_LOG:2021-03-31 13:59:09]:  SELECT  customer_no  FROM  session  WHERE  session_key = ?     [3d1be1ce8192c86ff4ef6c5710a11f1e]
[SQL_LOG:2021-03-31 13:59:09]:  SELECT  ctg_id, category_name  FROM  category     []
[SQL_LOG:2021-03-31 13:59:09]:  SELECT  book_id, title, price, image, ctg_id  FROM  Book     []
[SQL_LOG:2021-03-31 13:59:09]:  SELECT  customer_no  FROM  session  WHERE  session_key = ?     [3d1be1ce8192c86ff4ef6c5710a11f1e]
[SQL_LOG:2021-03-31 13:59:09]:  SELECT  ctg_id, category_name  FROM  category     []
[SQL_LOG:2021-03-31 13:59:09]:  SELECT  book_id, title, price, image, ctg_id  FROM  Book     []
[SQL_LOG:2021-03-31 13:59:10]:  SELECT  customer_no  FROM  session  WHERE  session_key = ?     [3d1be1ce8192c86ff4ef6c5710a11f1e]
[SQL_LOG:2021-03-31 13:59:10]:  SELECT  ctg_id, category_name  FROM  category     []
[SQL_LOG:2021-03-31 13:59:10]:  SELECT  book_id, title, price, image, ctg_id  FROM  Book     []
[SQL_LOG:2021-03-31 13:59:14]:  SELECT  customer_no  FROM  session  WHERE  session_key = ?     [3d1be1ce8192c86ff4ef6c5710a11f1e]
[SQL_LOG:2021-03-31 13:59:14]:  SELECT  ctg_id, category_name  FROM  category     []
[SQL_LOG:2021-03-31 13:59:14]:  SELECT  book_id, title, price, image, ctg_id  FROM  Book     []
[SQL_LOG:2021-03-31 13:59:15]:  SELECT  customer_no  FROM  session  WHERE  session_key = ?     [3d1be1ce8192c86ff4ef6c5710a11f1e]
[SQL_LOG:2021-03-31 13:59:15]:  SELECT  ctg_id, category_name  FROM  category     []
[SQL_LOG:2021-03-31 13:59:15]:  SELECT  book_id, title, price, image, ctg_id  FROM  Book     []
[SQL_LOG:2021-03-31 13:59:16]:  SELECT  customer_no  FROM  session  WHERE  session_key = ?     [3d1be1ce8192c86ff4ef6c5710a11f1e]
[SQL_LOG:2021-03-31 13:59:16]:  SELECT  ctg_id, category_name  FROM  category     []
[SQL_LOG:2021-03-31 13:59:16]:  SELECT  book_id, title, price, image, ctg_id  FROM  Book     []
[SQL_LOG:2021-03-31 13:59:16]:  SELECT  customer_no  FROM  session  WHERE  session_key = ?     [3d1be1ce8192c86ff4ef6c5710a11f1e]
[SQL_LOG:2021-03-31 13:59:16]:  SELECT  ctg_id, category_name  FROM  category     []
[SQL_LOG:2021-03-31 13:59:16]:  SELECT  book_id, title, price, image, ctg_id  FROM  Book     []
[SQL_LOG:2021-03-31 13:59:29]:  SELECT  customer_no  FROM  session  WHERE  session_key = ?     [3d1be1ce8192c86ff4ef6c5710a11f1e]
[SQL_LOG:2021-03-31 13:59:29]:  SELECT  ctg_id, category_name  FROM  category     []
[SQL_LOG:2021-03-31 13:59:29]:  SELECT  book_id, title, price, image, ctg_id  FROM  Book     []
[SQL_LOG:2021-03-31 14:01:23]:  SELECT  customer_no  FROM  session  WHERE  session_key = ?     [3d1be1ce8192c86ff4ef6c5710a11f1e]
[SQL_LOG:2021-03-31 14:01:23]:  SELECT  ctg_id, category_name  FROM  category     []
[SQL_LOG:2021-03-31 14:01:23]:  SELECT  book_id, title, price, image, ctg_id  FROM  Book     []
[SQL_LOG:2021-03-31 14:01:43]:  SELECT  customer_no  FROM  session  WHERE  session_key = ?     [965c531da85d2356ae5af2cee2d1e89c]
[SQL_LOG:2021-03-31 14:01:43]:  INSERT INTO  session (session_key ) VALUES (?)  [965c531da85d2356ae5af2cee2d1e89c]
[SQL_LOG:2021-03-31 14:01:43]:  SELECT  ctg_id, category_name  FROM  category     []
[SQL_LOG:2021-03-31 14:01:43]:  SELECT  book_id, title, price, image, ctg_id  FROM  Book     []
[SQL_LOG:2021-03-31 14:02:54]:  SELECT  customer_no  FROM  session  WHERE  session_key = ?     [965c531da85d2356ae5af2cee2d1e89c]
[SQL_LOG:2021-03-31 14:02:54]:  SELECT  ctg_id, category_name  FROM  category     []
[SQL_LOG:2021-03-31 14:02:54]:  SELECT  book_id, title, price, image, ctg_id  FROM  Book     []
[SQL_LOG:2021-03-31 14:03:05]:  SELECT  customer_no  FROM  session  WHERE  session_key = ?     [965c531da85d2356ae5af2cee2d1e89c]
[SQL_LOG:2021-03-31 14:03:05]:  SELECT  ctg_id, category_name  FROM  category     []
[SQL_LOG:2021-03-31 14:03:05]:  SELECT  book_id, title, price, image, ctg_id  FROM  Book     []
[SQL_LOG:2021-03-31 14:04:22]:  SELECT  customer_no  FROM  session  WHERE  session_key = ?     [965c531da85d2356ae5af2cee2d1e89c]
[SQL_LOG:2021-03-31 14:04:22]:  SELECT  ctg_id, category_name  FROM  category     []
[SQL_LOG:2021-03-31 14:04:22]:  SELECT  book_id, title, price, image, ctg_id  FROM  Book     []
[SQL_LOG:2021-03-31 14:19:45]:  SELECT  customer_no  FROM  session  WHERE  session_key = ?     [965c531da85d2356ae5af2cee2d1e89c]
[SQL_LOG:2021-03-31 14:19:45]:  SELECT  ctg_id, category_name  FROM  category     []
[SQL_LOG:2021-03-31 14:19:45]:  SELECT  book_id, title, price, image, ctg_id  FROM  Book     []
[SQL_LOG:2021-03-31 14:21:27]:  SELECT  ctg_id, category_name  FROM  category     []
[SQL_LOG:2021-03-31 14:21:27]:  SELECT  book_id, title, price, image, ctg_id  FROM  Book  WHERE ctg_id = ?     []
[SQL_LOG:2021-03-31 14:21:37]:  SELECT  customer_no  FROM  session  WHERE  session_key = ?     [965c531da85d2356ae5af2cee2d1e89c]
[SQL_LOG:2021-03-31 14:21:37]:  SELECT  ctg_id, category_name  FROM  category     []
[SQL_LOG:2021-03-31 14:21:37]:  SELECT  book_id, title, price, image, ctg_id  FROM  Book     []
[SQL_LOG:2021-03-31 14:24:02]:  SELECT  customer_no  FROM  session  WHERE  session_key = ?     [965c531da85d2356ae5af2cee2d1e89c]
[SQL_LOG:2021-03-31 14:24:02]:  SELECT  ctg_id, category_name  FROM  category     []
[SQL_LOG:2021-03-31 14:24:02]:  SELECT  book_id, title, price, image, ctg_id  FROM  Book     []
[SQL_LOG:2021-03-31 14:26:10]:  SELECT  customer_no  FROM  session  WHERE  session_key = ?     [965c531da85d2356ae5af2cee2d1e89c]
[SQL_LOG:2021-03-31 14:26:10]:  SELECT  ctg_id, category_name  FROM  category     []
[SQL_LOG:2021-03-31 14:26:10]:  SELECT  book_id, title, detail, price, image, date, ctg_id  FROM  Book     []
[SQL_LOG:2021-03-31 14:26:39]:  SELECT  customer_no  FROM  session  WHERE  session_key = ?     [965c531da85d2356ae5af2cee2d1e89c]
[SQL_LOG:2021-03-31 14:26:39]:  SELECT  ctg_id, category_name  FROM  category     []
[SQL_LOG:2021-03-31 14:26:39]:  SELECT  book_id, title, detail, price, image, date, ctg_id  FROM  Book     []
[SQL_LOG:2021-03-31 14:27:35]:  SELECT  customer_no  FROM  session  WHERE  session_key = ?     [965c531da85d2356ae5af2cee2d1e89c]
[SQL_LOG:2021-03-31 14:27:35]:  SELECT  ctg_id, category_name  FROM  category     []
[SQL_LOG:2021-03-31 14:27:35]:  SELECT  book_id, title, detail, price, image, date, ctg_id  FROM  Book     []
[SQL_LOG:2021-03-31 14:27:36]:  SELECT  customer_no  FROM  session  WHERE  session_key = ?     [965c531da85d2356ae5af2cee2d1e89c]
[SQL_LOG:2021-03-31 14:27:36]:  SELECT  ctg_id, category_name  FROM  category     []
[SQL_LOG:2021-03-31 14:27:36]:  SELECT  book_id, title, detail, price, image, date, ctg_id  FROM  Book     []
[SQL_LOG:2021-03-31 14:27:48]:  SELECT  customer_no  FROM  session  WHERE  session_key = ?     [965c531da85d2356ae5af2cee2d1e89c]
[SQL_LOG:2021-03-31 14:27:48]:  SELECT  ctg_id, category_name  FROM  category     []
[SQL_LOG:2021-03-31 14:27:48]:  SELECT  book_id, title, detail, price, image, date, ctg_id  FROM  Book     []
[SQL_LOG:2021-03-31 14:28:04]:  SELECT  customer_no  FROM  session  WHERE  session_key = ?     [965c531da85d2356ae5af2cee2d1e89c]
[SQL_LOG:2021-03-31 14:28:04]:  SELECT  ctg_id, category_name  FROM  category     []
[SQL_LOG:2021-03-31 14:28:04]:  SELECT  book_id, title, detail, price, image, date, ctg_id  FROM  Book     []
[SQL_LOG:2021-03-31 14:28:28]:  SELECT  customer_no  FROM  session  WHERE  session_key = ?     [965c531da85d2356ae5af2cee2d1e89c]
[SQL_LOG:2021-03-31 14:28:28]:  SELECT  ctg_id, category_name  FROM  category     []
[SQL_LOG:2021-03-31 14:28:28]:  SELECT  book_id, title, detail, price, image, date, ctg_id  FROM  Book     []
[SQL_LOG:2021-03-31 14:29:08]:  SELECT  customer_no  FROM  session  WHERE  session_key = ?     [965c531da85d2356ae5af2cee2d1e89c]
[SQL_LOG:2021-03-31 14:29:08]:  SELECT  ctg_id, category_name  FROM  category     []
[SQL_LOG:2021-03-31 14:29:08]:  SELECT  book_id, title, detail, price, image, date, ctg_id  FROM  Book     []
[SQL_LOG:2021-03-31 14:29:41]:  SELECT  customer_no  FROM  session  WHERE  session_key = ?     [965c531da85d2356ae5af2cee2d1e89c]
[SQL_LOG:2021-03-31 14:29:41]:  SELECT  ctg_id, category_name  FROM  category     []
[SQL_LOG:2021-03-31 14:29:41]:  SELECT  book_id, title, detail, price, image, date, ctg_id  FROM  Book     []
[SQL_LOG:2021-03-31 14:30:24]:  SELECT  customer_no  FROM  session  WHERE  session_key = ?     [965c531da85d2356ae5af2cee2d1e89c]
[SQL_LOG:2021-03-31 14:30:24]:  SELECT  ctg_id, category_name  FROM  category     []
[SQL_LOG:2021-03-31 14:30:24]:  SELECT  book_id, title, detail, price, image, date, ctg_id  FROM  Book     []
[SQL_LOG:2021-03-31 14:41:19]:  SELECT  customer_no  FROM  session  WHERE  session_key = ?     [965c531da85d2356ae5af2cee2d1e89c]
[SQL_LOG:2021-03-31 14:41:19]:  SELECT  ctg_id, category_name  FROM  category     []
[SQL_LOG:2021-03-31 14:41:19]:  SELECT  book_id, title, detail, price, image, date, ctg_id  FROM  Book     []
[SQL_LOG:2021-03-31 14:41:19]:  SELECT  customer_no  FROM  session  WHERE  session_key = ?     [965c531da85d2356ae5af2cee2d1e89c]
[SQL_LOG:2021-03-31 14:41:19]:  SELECT  ctg_id, category_name  FROM  category     []
[SQL_LOG:2021-03-31 14:41:19]:  SELECT  book_id, title, detail, price, image, date, ctg_id  FROM  Book     []
[SQL_LOG:2021-03-31 14:41:21]:  SELECT  customer_no  FROM  session  WHERE  session_key = ?     [965c531da85d2356ae5af2cee2d1e89c]
[SQL_LOG:2021-03-31 14:41:21]:  SELECT  ctg_id, category_name  FROM  category     []
[SQL_LOG:2021-03-31 14:41:21]:  SELECT  book_id, title, detail, price, image, date, ctg_id  FROM  Book     []
[SQL_LOG:2021-03-31 14:41:21]:  SELECT  customer_no  FROM  session  WHERE  session_key = ?     [965c531da85d2356ae5af2cee2d1e89c]
[SQL_LOG:2021-03-31 14:41:21]:  SELECT  ctg_id, category_name  FROM  category     []
[SQL_LOG:2021-03-31 14:41:21]:  SELECT  book_id, title, detail, price, image, date, ctg_id  FROM  Book     []
[SQL_LOG:2021-03-31 14:46:20]:  SELECT  customer_no  FROM  session  WHERE  session_key = ?     [965c531da85d2356ae5af2cee2d1e89c]
[SQL_LOG:2021-03-31 14:46:20]:  SELECT  ctg_id, category_name  FROM  category     []
[SQL_LOG:2021-03-31 14:46:20]:  SELECT  book_id, title, detail, price, image, date, ctg_id  FROM  Book     []
[SQL_LOG:2021-03-31 14:47:18]:  SELECT  customer_no  FROM  session  WHERE  session_key = ?     [965c531da85d2356ae5af2cee2d1e89c]
[SQL_LOG:2021-03-31 14:47:18]:  SELECT  ctg_id, category_name  FROM  category     []
[SQL_LOG:2021-03-31 14:47:18]:  SELECT  book_id, title, detail, price, image, date, ctg_id  FROM  Book     []
[SQL_LOG:2021-03-31 14:49:01]:  SELECT  customer_no  FROM  session  WHERE  session_key = ?     [965c531da85d2356ae5af2cee2d1e89c]
[SQL_LOG:2021-03-31 14:49:01]:  SELECT  ctg_id, category_name  FROM  category     []
[SQL_LOG:2021-03-31 14:49:01]:  SELECT  book_id, title, detail, price, image, date, ctg_id  FROM  Book     []
[SQL_LOG:2021-03-31 14:49:27]:  SELECT  customer_no  FROM  session  WHERE  session_key = ?     [965c531da85d2356ae5af2cee2d1e89c]
[SQL_LOG:2021-03-31 14:49:27]:  SELECT  ctg_id, category_name  FROM  category     []
[SQL_LOG:2021-03-31 14:49:27]:  SELECT  book_id, title, detail, price, image, date, ctg_id  FROM  Book     []
[SQL_LOG:2021-03-31 14:49:30]:  SELECT  customer_no  FROM  session  WHERE  session_key = ?     [965c531da85d2356ae5af2cee2d1e89c]
[SQL_LOG:2021-03-31 14:49:30]:  SELECT  ctg_id, category_name  FROM  category     []
[SQL_LOG:2021-03-31 14:49:30]:  SELECT  book_id, title, detail, price, image, date, ctg_id  FROM  Book     []
[SQL_LOG:2021-03-31 14:49:30]:  SELECT  customer_no  FROM  session  WHERE  session_key = ?     [965c531da85d2356ae5af2cee2d1e89c]
[SQL_LOG:2021-03-31 14:49:30]:  SELECT  ctg_id, category_name  FROM  category     []
[SQL_LOG:2021-03-31 14:49:30]:  SELECT  book_id, title, detail, price, image, date, ctg_id  FROM  Book     []
[SQL_LOG:2021-03-31 14:49:30]:  SELECT  customer_no  FROM  session  WHERE  session_key = ?     [965c531da85d2356ae5af2cee2d1e89c]
[SQL_LOG:2021-03-31 14:49:30]:  SELECT  ctg_id, category_name  FROM  category     []
[SQL_LOG:2021-03-31 14:49:30]:  SELECT  book_id, title, detail, price, image, date, ctg_id  FROM  Book     []
[SQL_LOG:2021-03-31 14:49:31]:  SELECT  customer_no  FROM  session  WHERE  session_key = ?     [965c531da85d2356ae5af2cee2d1e89c]
[SQL_LOG:2021-03-31 14:49:31]:  SELECT  ctg_id, category_name  FROM  category     []
[SQL_LOG:2021-03-31 14:49:31]:  SELECT  book_id, title, detail, price, image, date, ctg_id  FROM  Book     []
[SQL_LOG:2021-03-31 14:49:31]:  SELECT  customer_no  FROM  session  WHERE  session_key = ?     [965c531da85d2356ae5af2cee2d1e89c]
[SQL_LOG:2021-03-31 14:49:31]:  SELECT  ctg_id, category_name  FROM  category     []
[SQL_LOG:2021-03-31 14:49:31]:  SELECT  book_id, title, detail, price, image, date, ctg_id  FROM  Book     []
[SQL_LOG:2021-03-31 14:49:33]:  SELECT  customer_no  FROM  session  WHERE  session_key = ?     [965c531da85d2356ae5af2cee2d1e89c]
[SQL_LOG:2021-03-31 14:49:33]:  SELECT  ctg_id, category_name  FROM  category     []
[SQL_LOG:2021-03-31 14:49:33]:  SELECT  book_id, title, detail, price, image, date, ctg_id  FROM  Book     []
[SQL_LOG:2021-03-31 14:49:39]:  SELECT  customer_no  FROM  session  WHERE  session_key = ?     [965c531da85d2356ae5af2cee2d1e89c]
[SQL_LOG:2021-03-31 14:49:39]:  SELECT  ctg_id, category_name  FROM  category     []
[SQL_LOG:2021-03-31 14:49:39]:  SELECT  book_id, title, detail, price, image, date, ctg_id  FROM  Book     []
[SQL_LOG:2021-03-31 14:51:52]:  SELECT  customer_no  FROM  session  WHERE  session_key = ?     [965c531da85d2356ae5af2cee2d1e89c]
[SQL_LOG:2021-03-31 14:51:52]:  SELECT  ctg_id, category_name  FROM  category     []
[SQL_LOG:2021-03-31 14:51:52]:  SELECT  book_id, title, detail, price, image, date, ctg_id  FROM  Book     []
[SQL_LOG:2021-03-31 14:53:00]:  SELECT  customer_no  FROM  session  WHERE  session_key = ?     [965c531da85d2356ae5af2cee2d1e89c]
[SQL_LOG:2021-03-31 14:53:00]:  SELECT  ctg_id, category_name  FROM  category     []
[SQL_LOG:2021-03-31 14:53:00]:  SELECT  book_id, title, detail, price, image, date, ctg_id  FROM  Book     []
[SQL_LOG:2021-03-31 14:53:02]:  SELECT  customer_no  FROM  session  WHERE  session_key = ?     [965c531da85d2356ae5af2cee2d1e89c]
[SQL_LOG:2021-03-31 14:53:02]:  SELECT  ctg_id, category_name  FROM  category     []
[SQL_LOG:2021-03-31 14:53:02]:  SELECT  book_id, title, detail, price, image, date, ctg_id  FROM  Book     []
[SQL_LOG:2021-03-31 14:53:04]:  SELECT  customer_no  FROM  session  WHERE  session_key = ?     [965c531da85d2356ae5af2cee2d1e89c]
[SQL_LOG:2021-03-31 14:53:04]:  SELECT  ctg_id, category_name  FROM  category     []
[SQL_LOG:2021-03-31 14:53:08]:  SELECT  customer_no  FROM  session  WHERE  session_key = ?     [965c531da85d2356ae5af2cee2d1e89c]
[SQL_LOG:2021-03-31 14:53:08]:  SELECT  ctg_id, category_name  FROM  category     []
[SQL_LOG:2021-03-31 14:53:08]:  SELECT  book_id, title, detail, price, image, date, ctg_id  FROM  Book     []
[SQL_LOG:2021-03-31 14:54:14]:  SELECT  customer_no  FROM  session  WHERE  session_key = ?     [965c531da85d2356ae5af2cee2d1e89c]
[SQL_LOG:2021-03-31 14:54:14]:  SELECT  ctg_id, category_name  FROM  category     []
[SQL_LOG:2021-03-31 14:54:14]:  SELECT  book_id, title, detail, price, image, date, ctg_id  FROM  Book     []
[SQL_LOG:2021-03-31 14:54:22]:  SELECT  customer_no  FROM  session  WHERE  session_key = ?     [965c531da85d2356ae5af2cee2d1e89c]
[SQL_LOG:2021-03-31 14:54:22]:  SELECT  ctg_id, category_name  FROM  category     []
[SQL_LOG:2021-03-31 14:54:22]:  SELECT  book_id, title, detail, price, image, date, ctg_id  FROM  Book     []
[SQL_LOG:2021-03-31 14:54:24]:  SELECT  customer_no  FROM  session  WHERE  session_key = ?     [965c531da85d2356ae5af2cee2d1e89c]
[SQL_LOG:2021-03-31 14:54:24]:  SELECT  ctg_id, category_name  FROM  category     []
[SQL_LOG:2021-03-31 14:54:24]:  SELECT  book_id, title, detail, price, image, date, ctg_id  FROM  Book     []
[SQL_LOG:2021-03-31 14:54:25]:  SELECT  customer_no  FROM  session  WHERE  session_key = ?     [965c531da85d2356ae5af2cee2d1e89c]
[SQL_LOG:2021-03-31 14:54:25]:  SELECT  ctg_id, category_name  FROM  category     []
[SQL_LOG:2021-03-31 14:54:25]:  SELECT  book_id, title, detail, price, image, date, ctg_id  FROM  Book     []
[SQL_LOG:2021-03-31 14:54:26]:  SELECT  customer_no  FROM  session  WHERE  session_key = ?     [965c531da85d2356ae5af2cee2d1e89c]
[SQL_LOG:2021-03-31 14:54:26]:  SELECT  ctg_id, category_name  FROM  category     []
[SQL_LOG:2021-03-31 14:54:26]:  SELECT  book_id, title, detail, price, image, date, ctg_id  FROM  Book     []
[SQL_LOG:2021-03-31 14:54:26]:  SELECT  customer_no  FROM  session  WHERE  session_key = ?     [965c531da85d2356ae5af2cee2d1e89c]
[SQL_LOG:2021-03-31 14:54:26]:  SELECT  ctg_id, category_name  FROM  category     []
[SQL_LOG:2021-03-31 14:54:26]:  SELECT  book_id, title, detail, price, image, date, ctg_id  FROM  Book     []
[SQL_LOG:2021-03-31 14:54:27]:  SELECT  customer_no  FROM  session  WHERE  session_key = ?     [965c531da85d2356ae5af2cee2d1e89c]
[SQL_LOG:2021-03-31 14:54:27]:  SELECT  ctg_id, category_name  FROM  category     []
[SQL_LOG:2021-03-31 14:54:27]:  SELECT  book_id, title, detail, price, image, date, ctg_id  FROM  Book     []
[SQL_LOG:2021-03-31 14:54:27]:  SELECT  customer_no  FROM  session  WHERE  session_key = ?     [965c531da85d2356ae5af2cee2d1e89c]
[SQL_LOG:2021-03-31 14:54:27]:  SELECT  ctg_id, category_name  FROM  category     []
[SQL_LOG:2021-03-31 14:54:27]:  SELECT  book_id, title, detail, price, image, date, ctg_id  FROM  Book     []
[SQL_LOG:2021-03-31 14:54:27]:  SELECT  customer_no  FROM  session  WHERE  session_key = ?     [965c531da85d2356ae5af2cee2d1e89c]
[SQL_LOG:2021-03-31 14:54:27]:  SELECT  ctg_id, category_name  FROM  category     []
[SQL_LOG:2021-03-31 14:54:27]:  SELECT  book_id, title, detail, price, image, date, ctg_id  FROM  Book     []
[SQL_LOG:2021-03-31 14:54:28]:  SELECT  customer_no  FROM  session  WHERE  session_key = ?     [965c531da85d2356ae5af2cee2d1e89c]
[SQL_LOG:2021-03-31 14:54:28]:  SELECT  ctg_id, category_name  FROM  category     []
[SQL_LOG:2021-03-31 14:54:28]:  SELECT  book_id, title, detail, price, image, date, ctg_id  FROM  Book     []
[SQL_LOG:2021-03-31 14:54:28]:  SELECT  customer_no  FROM  session  WHERE  session_key = ?     [965c531da85d2356ae5af2cee2d1e89c]
[SQL_LOG:2021-03-31 14:54:28]:  SELECT  ctg_id, category_name  FROM  category     []
[SQL_LOG:2021-03-31 14:54:28]:  SELECT  book_id, title, detail, price, image, date, ctg_id  FROM  Book     []
[SQL_LOG:2021-03-31 14:54:28]:  SELECT  customer_no  FROM  session  WHERE  session_key = ?     [965c531da85d2356ae5af2cee2d1e89c]
[SQL_LOG:2021-03-31 14:54:28]:  SELECT  ctg_id, category_name  FROM  category     []
[SQL_LOG:2021-03-31 14:54:28]:  SELECT  book_id, title, detail, price, image, date, ctg_id  FROM  Book     []
[SQL_LOG:2021-03-31 14:54:29]:  SELECT  customer_no  FROM  session  WHERE  session_key = ?     [965c531da85d2356ae5af2cee2d1e89c]
[SQL_LOG:2021-03-31 14:54:29]:  SELECT  ctg_id, category_name  FROM  category     []
[SQL_LOG:2021-03-31 14:54:29]:  SELECT  book_id, title, detail, price, image, date, ctg_id  FROM  Book     []
[SQL_LOG:2021-03-31 14:54:29]:  SELECT  customer_no  FROM  session  WHERE  session_key = ?     [965c531da85d2356ae5af2cee2d1e89c]
[SQL_LOG:2021-03-31 14:54:29]:  SELECT  ctg_id, category_name  FROM  category     []
[SQL_LOG:2021-03-31 14:54:29]:  SELECT  book_id, title, detail, price, image, date, ctg_id  FROM  Book     []
[SQL_LOG:2021-03-31 14:55:10]:  SELECT  ctg_id, category_name  FROM  category     []
[SQL_LOG:2021-03-31 14:55:13]:  SELECT  customer_no  FROM  session  WHERE  session_key = ?     [965c531da85d2356ae5af2cee2d1e89c]
[SQL_LOG:2021-03-31 14:55:13]:  SELECT  ctg_id, category_name  FROM  category     []
[SQL_LOG:2021-03-31 14:55:13]:  SELECT  book_id, title, detail, price, image, date, ctg_id  FROM  Book     []
[SQL_LOG:2021-03-31 14:55:15]:  SELECT  ctg_id, category_name  FROM  category     []
[SQL_LOG:2021-03-31 14:55:17]:  SELECT  ctg_id, category_name  FROM  category     []
[SQL_LOG:2021-03-31 14:55:17]:  SELECT  ctg_id, category_name  FROM  category     []
[SQL_LOG:2021-03-31 14:57:30]:  SELECT  customer_no  FROM  session  WHERE  session_key = ?     [965c531da85d2356ae5af2cee2d1e89c]
[SQL_LOG:2021-03-31 14:57:30]:  SELECT  ctg_id, category_name  FROM  category     []
[SQL_LOG:2021-03-31 14:57:30]:  SELECT  book_id, title, detail, price, image, date, ctg_id  FROM  Book     []
[SQL_LOG:2021-03-31 14:57:33]:  SELECT  customer_no  FROM  session  WHERE  session_key = ?     [965c531da85d2356ae5af2cee2d1e89c]
[SQL_LOG:2021-03-31 14:57:33]:  SELECT  ctg_id, category_name  FROM  category     []
[SQL_LOG:2021-03-31 14:57:33]:  SELECT  book_id, title, detail, price, image, date, ctg_id  FROM  Book     []
[SQL_LOG:2021-03-31 15:15:45]:  SELECT  customer_no  FROM  session  WHERE  session_key = ?     [965c531da85d2356ae5af2cee2d1e89c]
[SQL_LOG:2021-03-31 15:15:45]:  SELECT  ctg_id, category_name  FROM  category     []
[SQL_LOG:2021-03-31 15:15:45]:  SELECT  book_id, title, detail, price, image, date, ctg_id  FROM  Book     []
[SQL_LOG:2021-03-31 15:15:48]:  SELECT  customer_no  FROM  session  WHERE  session_key = ?     [965c531da85d2356ae5af2cee2d1e89c]
[SQL_LOG:2021-03-31 15:15:48]:  SELECT  ctg_id, category_name  FROM  category     []
[SQL_LOG:2021-03-31 15:15:48]:  SELECT  book_id, title, detail, price, image, date, ctg_id  FROM  Book     []
[SQL_LOG:2021-03-31 15:17:14]:  SELECT  customer_no  FROM  session  WHERE  session_key = ?     [965c531da85d2356ae5af2cee2d1e89c]
[SQL_LOG:2021-03-31 15:17:14]:  SELECT  ctg_id, category_name  FROM  category     []
[SQL_LOG:2021-03-31 15:17:14]:  SELECT  book_id, title, detail, price, image, date, ctg_id  FROM  Book     []
[SQL_LOG:2021-03-31 15:17:20]:  SELECT  customer_no  FROM  session  WHERE  session_key = ?     [965c531da85d2356ae5af2cee2d1e89c]
[SQL_LOG:2021-03-31 15:17:20]:  SELECT  ctg_id, category_name  FROM  category     []
[SQL_LOG:2021-03-31 15:17:20]:  SELECT  book_id, title, detail, price, image, date, ctg_id  FROM  Book     []
[SQL_LOG:2021-03-31 15:27:37]:  SELECT  customer_no  FROM  session  WHERE  session_key = ?     [965c531da85d2356ae5af2cee2d1e89c]
[SQL_LOG:2021-03-31 15:27:38]:  SELECT  ctg_id, category_name  FROM  category     []
[SQL_LOG:2021-03-31 15:27:38]:  SELECT  book_id, title, detail, price, image, date, ctg_id  FROM  Book     []
[SQL_LOG:2021-03-31 15:28:40]:  SELECT  customer_no  FROM  session  WHERE  session_key = ?     [965c531da85d2356ae5af2cee2d1e89c]
[SQL_LOG:2021-03-31 15:28:40]:  SELECT  ctg_id, category_name  FROM  category     []
[SQL_LOG:2021-03-31 15:28:40]:  SELECT  book_id, title, detail, price, image, date, ctg_id  FROM  Book     []
[SQL_LOG:2021-03-31 15:30:43]:  SELECT  customer_no  FROM  session  WHERE  session_key = ?     [965c531da85d2356ae5af2cee2d1e89c]
[SQL_LOG:2021-03-31 15:30:43]:  SELECT  ctg_id, category_name  FROM  category     []
[SQL_LOG:2021-03-31 15:30:43]:  SELECT  book_id, title, detail, price, image, date, ctg_id  FROM  Book     []
[SQL_LOG:2021-03-31 15:30:45]:  SELECT  customer_no  FROM  session  WHERE  session_key = ?     [965c531da85d2356ae5af2cee2d1e89c]
[SQL_LOG:2021-03-31 15:30:45]:  SELECT  ctg_id, category_name  FROM  category     []
[SQL_LOG:2021-03-31 15:30:45]:  SELECT  book_id, title, detail, price, image, date, ctg_id  FROM  Book     []
[SQL_LOG:2021-03-31 15:31:02]:  SELECT  customer_no  FROM  session  WHERE  session_key = ?     [965c531da85d2356ae5af2cee2d1e89c]
[SQL_LOG:2021-03-31 15:31:02]:  SELECT  ctg_id, category_name  FROM  category     []
[SQL_LOG:2021-03-31 15:31:02]:  SELECT  book_id, title, detail, price, image, date, ctg_id  FROM  Book     []
[SQL_LOG:2021-03-31 15:31:03]:  SELECT  customer_no  FROM  session  WHERE  session_key = ?     [965c531da85d2356ae5af2cee2d1e89c]
[SQL_LOG:2021-03-31 15:31:03]:  SELECT  ctg_id, category_name  FROM  category     []
[SQL_LOG:2021-03-31 15:31:03]:  SELECT  book_id, title, detail, price, image, date, ctg_id  FROM  Book     []
[SQL_LOG:2021-03-31 15:31:04]:  SELECT  customer_no  FROM  session  WHERE  session_key = ?     [965c531da85d2356ae5af2cee2d1e89c]
[SQL_LOG:2021-03-31 15:31:04]:  SELECT  ctg_id, category_name  FROM  category     []
[SQL_LOG:2021-03-31 15:31:04]:  SELECT  book_id, title, detail, price, image, date, ctg_id  FROM  Book     []
[SQL_LOG:2021-03-31 15:31:04]:  SELECT  customer_no  FROM  session  WHERE  session_key = ?     [965c531da85d2356ae5af2cee2d1e89c]
[SQL_LOG:2021-03-31 15:31:04]:  SELECT  ctg_id, category_name  FROM  category     []
[SQL_LOG:2021-03-31 15:31:04]:  SELECT  book_id, title, detail, price, image, date, ctg_id  FROM  Book     []
[SQL_LOG:2021-03-31 15:31:06]:  SELECT  customer_no  FROM  session  WHERE  session_key = ?     [965c531da85d2356ae5af2cee2d1e89c]
[SQL_LOG:2021-03-31 15:31:06]:  SELECT  ctg_id, category_name  FROM  category     []
[SQL_LOG:2021-03-31 15:31:06]:  SELECT  book_id, title, detail, price, image, date, ctg_id  FROM  Book     []
[SQL_LOG:2021-03-31 15:31:54]:  SELECT  customer_no  FROM  session  WHERE  session_key = ?     [965c531da85d2356ae5af2cee2d1e89c]
[SQL_LOG:2021-03-31 15:31:54]:  SELECT  ctg_id, category_name  FROM  category     []
[SQL_LOG:2021-03-31 15:31:54]:  SELECT  book_id, title, detail, price, image, date, ctg_id  FROM  Book     []
[SQL_LOG:2021-03-31 15:35:59]:  SELECT  customer_no  FROM  session  WHERE  session_key = ?     [965c531da85d2356ae5af2cee2d1e89c]
[SQL_LOG:2021-03-31 15:35:59]:  SELECT  ctg_id, category_name  FROM  category     []
[SQL_LOG:2021-03-31 15:35:59]:  SELECT  book_id, title, detail, price, image, date, ctg_id  FROM  Book     []
[SQL_LOG:2021-03-31 15:35:59]:  SELECT  customer_no  FROM  session  WHERE  session_key = ?     [965c531da85d2356ae5af2cee2d1e89c]
[SQL_LOG:2021-03-31 15:35:59]:  SELECT  ctg_id, category_name  FROM  category     []
[SQL_LOG:2021-03-31 15:35:59]:  SELECT  book_id, title, detail, price, image, date, ctg_id  FROM  Book     []
[SQL_LOG:2021-03-31 15:36:01]:  SELECT  customer_no  FROM  session  WHERE  session_key = ?     [965c531da85d2356ae5af2cee2d1e89c]
[SQL_LOG:2021-03-31 15:36:01]:  SELECT  ctg_id, category_name  FROM  category     []
[SQL_LOG:2021-03-31 15:36:01]:  SELECT  book_id, title, detail, price, image, date, ctg_id  FROM  Book     []
[SQL_LOG:2021-03-31 15:36:03]:  SELECT  customer_no  FROM  session  WHERE  session_key = ?     [965c531da85d2356ae5af2cee2d1e89c]
[SQL_LOG:2021-03-31 15:36:03]:  SELECT  ctg_id, category_name  FROM  category     []
[SQL_LOG:2021-03-31 15:36:03]:  SELECT  book_id, title, detail, price, image, date, ctg_id  FROM  Book     []
[SQL_LOG:2021-03-31 15:40:07]:  SELECT  customer_no  FROM  session  WHERE  session_key = ?     [965c531da85d2356ae5af2cee2d1e89c]
[SQL_LOG:2021-03-31 15:40:07]:  SELECT  ctg_id, category_name  FROM  category     []
[SQL_LOG:2021-03-31 15:40:07]:  SELECT  book_id, title, detail, price, image, date, ctg_id  FROM  Book     []
[SQL_LOG:2021-03-31 16:00:05]:  SELECT  customer_no  FROM  session  WHERE  session_key = ?     [cef0cf0642057c7dbea6a9f4ed2cc9c6]
[SQL_LOG:2021-03-31 16:00:05]:  INSERT INTO  session (session_key ) VALUES (?)  [cef0cf0642057c7dbea6a9f4ed2cc9c6]
[SQL_LOG:2021-03-31 16:00:05]:  SELECT  ctg_id, category_name  FROM  category     []
[SQL_LOG:2021-03-31 16:00:05]:  SELECT  book_id, title, detail, price, image, date, ctg_id  FROM  Book     []
[SQL_LOG:2021-03-31 16:00:06]:  SELECT  customer_no  FROM  session  WHERE  session_key = ?     [cef0cf0642057c7dbea6a9f4ed2cc9c6]
[SQL_LOG:2021-03-31 16:00:06]:  SELECT  ctg_id, category_name  FROM  category     []
[SQL_LOG:2021-03-31 16:00:06]:  SELECT  book_id, title, detail, price, image, date, ctg_id  FROM  Book     []
[SQL_LOG:2021-03-31 16:00:11]:  SELECT  customer_no  FROM  session  WHERE  session_key = ?     [cef0cf0642057c7dbea6a9f4ed2cc9c6]
[SQL_LOG:2021-03-31 16:00:11]:  SELECT  ctg_id, category_name  FROM  category     []
[SQL_LOG:2021-03-31 16:00:11]:  SELECT  book_id, title, detail, price, image, date, ctg_id  FROM  Book     []
[SQL_LOG:2021-03-31 16:00:32]:  SELECT  customer_no  FROM  session  WHERE  session_key = ?     [cef0cf0642057c7dbea6a9f4ed2cc9c6]
[SQL_LOG:2021-03-31 16:00:32]:  SELECT  ctg_id, category_name  FROM  category     []
[SQL_LOG:2021-03-31 16:00:32]:  SELECT  book_id, title, detail, price, image, date, ctg_id  FROM  Book     []
[SQL_LOG:2021-03-31 16:00:34]:  SELECT  customer_no  FROM  session  WHERE  session_key = ?     [cef0cf0642057c7dbea6a9f4ed2cc9c6]
[SQL_LOG:2021-03-31 16:00:34]:  SELECT  ctg_id, category_name  FROM  category     []
[SQL_LOG:2021-03-31 16:00:34]:  SELECT  book_id, title, detail, price, image, date, ctg_id  FROM  Book     []
[SQL_LOG:2021-03-31 16:00:34]:  SELECT  customer_no  FROM  session  WHERE  session_key = ?     [cef0cf0642057c7dbea6a9f4ed2cc9c6]
[SQL_LOG:2021-03-31 16:00:34]:  SELECT  ctg_id, category_name  FROM  category     []
[SQL_LOG:2021-03-31 16:00:34]:  SELECT  book_id, title, detail, price, image, date, ctg_id  FROM  Book     []
[SQL_LOG:2021-03-31 16:00:52]:  SELECT  customer_no  FROM  session  WHERE  session_key = ?     [cef0cf0642057c7dbea6a9f4ed2cc9c6]
[SQL_LOG:2021-03-31 16:00:52]:  SELECT  ctg_id, category_name  FROM  category     []
[SQL_LOG:2021-03-31 16:00:52]:  SELECT  book_id, title, detail, price, image, date, ctg_id  FROM  Book     []
[SQL_LOG:2021-03-31 16:46:51]:  SELECT  customer_no  FROM  session  WHERE  session_key = ?     [cef0cf0642057c7dbea6a9f4ed2cc9c6]
[SQL_LOG:2021-03-31 16:46:51]:  SELECT  ctg_id, category_name  FROM  category     []
[SQL_LOG:2021-03-31 16:46:51]:  SELECT  book_id, title, detail, price, image, date, ctg_id  FROM  Book     []
[SQL_LOG:2021-03-31 16:46:53]:  SELECT  customer_no  FROM  session  WHERE  session_key = ?     [cef0cf0642057c7dbea6a9f4ed2cc9c6]
[SQL_LOG:2021-03-31 16:46:53]:  SELECT  ctg_id, category_name  FROM  category     []
[SQL_LOG:2021-03-31 16:46:53]:  SELECT  book_id, title, detail, price, image, date, ctg_id  FROM  Book     []
[SQL_LOG:2021-03-31 16:46:59]:  SELECT  customer_no  FROM  session  WHERE  session_key = ?     [cef0cf0642057c7dbea6a9f4ed2cc9c6]
[SQL_LOG:2021-03-31 16:46:59]:  SELECT  ctg_id, category_name  FROM  category     []
[SQL_LOG:2021-03-31 16:46:59]:  SELECT  book_id, title, detail, price, image, date, ctg_id  FROM  Book     []
[SQL_LOG:2021-03-31 16:47:01]:  SELECT  customer_no  FROM  session  WHERE  session_key = ?     [cef0cf0642057c7dbea6a9f4ed2cc9c6]
[SQL_LOG:2021-03-31 16:47:01]:  SELECT  ctg_id, category_name  FROM  category     []
[SQL_LOG:2021-03-31 16:47:01]:  SELECT  book_id, title, detail, price, image, date, ctg_id  FROM  Book     []
[SQL_LOG:2021-03-31 18:37:25]:  SELECT  customer_no  FROM  session  WHERE  session_key = ?     [cef0cf0642057c7dbea6a9f4ed2cc9c6]
[SQL_LOG:2021-03-31 18:37:25]:  SELECT  ctg_id, category_name  FROM  category     []
[SQL_LOG:2021-03-31 18:37:25]:  SELECT  book_id, title, detail, price, image, date, ctg_id  FROM  Book     []
[SQL_LOG:2021-03-31 18:37:28]:  SELECT  customer_no  FROM  session  WHERE  session_key = ?     [cef0cf0642057c7dbea6a9f4ed2cc9c6]
[SQL_LOG:2021-03-31 18:37:28]:  SELECT  ctg_id, category_name  FROM  category     []
[SQL_LOG:2021-03-31 18:37:28]:  SELECT  book_id, title, detail, price, image, date, ctg_id  FROM  Book     []
[SQL_LOG:2021-03-31 18:37:29]:  SELECT  customer_no  FROM  session  WHERE  session_key = ?     [cef0cf0642057c7dbea6a9f4ed2cc9c6]
[SQL_LOG:2021-03-31 18:37:29]:  SELECT  ctg_id, category_name  FROM  category     []
[SQL_LOG:2021-03-31 18:37:29]:  SELECT  book_id, title, detail, price, image, date, ctg_id  FROM  Book     []
[SQL_LOG:2021-03-31 18:39:20]:  SELECT  customer_no  FROM  session  WHERE  session_key = ?     [cef0cf0642057c7dbea6a9f4ed2cc9c6]
[SQL_LOG:2021-03-31 18:39:20]:  SELECT  ctg_id, category_name  FROM  category     []
[SQL_LOG:2021-03-31 18:39:20]:  SELECT  book_id, title, detail, price, image, date, ctg_id  FROM  Book     []
[SQL_LOG:2021-03-31 18:39:24]:  SELECT  customer_no  FROM  session  WHERE  session_key = ?     [cef0cf0642057c7dbea6a9f4ed2cc9c6]
[SQL_LOG:2021-03-31 18:39:24]:  SELECT  ctg_id, category_name  FROM  category     []
[SQL_LOG:2021-03-31 18:39:24]:  SELECT  book_id, title, detail, price, image, date, ctg_id  FROM  Book     []
[SQL_LOG:2021-03-31 18:42:01]:  SELECT  customer_no  FROM  session  WHERE  session_key = ?     [cef0cf0642057c7dbea6a9f4ed2cc9c6]
[SQL_LOG:2021-03-31 18:42:01]:  SELECT  ctg_id, category_name  FROM  category     []
[SQL_LOG:2021-03-31 18:42:01]:  SELECT  book_id, title, detail, price, image, date, ctg_id  FROM  Book     []
[SQL_LOG:2021-03-31 18:42:03]:  SELECT  customer_no  FROM  session  WHERE  session_key = ?     [cef0cf0642057c7dbea6a9f4ed2cc9c6]
[SQL_LOG:2021-03-31 18:42:03]:  SELECT  ctg_id, category_name  FROM  category     []
[SQL_LOG:2021-03-31 18:42:03]:  SELECT  book_id, title, detail, price, image, date, ctg_id  FROM  Book     []
[SQL_LOG:2021-03-31 18:42:03]:  SELECT  customer_no  FROM  session  WHERE  session_key = ?     [cef0cf0642057c7dbea6a9f4ed2cc9c6]
[SQL_LOG:2021-03-31 18:42:03]:  SELECT  ctg_id, category_name  FROM  category     []
[SQL_LOG:2021-03-31 18:42:03]:  SELECT  book_id, title, detail, price, image, date, ctg_id  FROM  Book     []
[SQL_LOG:2021-03-31 18:42:05]:  SELECT  customer_no  FROM  session  WHERE  session_key = ?     [cef0cf0642057c7dbea6a9f4ed2cc9c6]
[SQL_LOG:2021-03-31 18:42:05]:  SELECT  ctg_id, category_name  FROM  category     []
[SQL_LOG:2021-03-31 18:42:05]:  SELECT  book_id, title, detail, price, image, date, ctg_id  FROM  Book     []
[SQL_LOG:2021-03-31 18:47:48]:  SELECT  customer_no  FROM  session  WHERE  session_key = ?     [cef0cf0642057c7dbea6a9f4ed2cc9c6]
[SQL_LOG:2021-03-31 18:47:48]:  SELECT  ctg_id, category_name  FROM  category     []
[SQL_LOG:2021-03-31 18:47:48]:  SELECT  book_id, title, detail, price, image, date, ctg_id  FROM  Book     []
[SQL_LOG:2021-03-31 18:49:52]:  SELECT  customer_no  FROM  session  WHERE  session_key = ?     [cef0cf0642057c7dbea6a9f4ed2cc9c6]
[SQL_LOG:2021-03-31 18:49:52]:  SELECT  ctg_id, category_name  FROM  category     []
[SQL_LOG:2021-03-31 18:49:52]:  SELECT  book_id, title, detail, price, image, date, ctg_id  FROM  Book     []
[SQL_LOG:2021-04-01 11:43:07]:  SELECT  customer_no  FROM  session  WHERE  session_key = ?     [cef0cf0642057c7dbea6a9f4ed2cc9c6]
[SQL_LOG:2021-04-01 11:43:07]:  SELECT  ctg_id, category_name  FROM  category     []
[SQL_LOG:2021-04-01 11:43:07]:  SELECT  book_id, title, detail, price, image, date, ctg_id  FROM  Book     []
[SQL_LOG:2021-04-01 11:43:09]:  SELECT  customer_no  FROM  session  WHERE  session_key = ?     [cef0cf0642057c7dbea6a9f4ed2cc9c6]
[SQL_LOG:2021-04-01 11:43:09]:  SELECT  ctg_id, category_name  FROM  category     []
[SQL_LOG:2021-04-01 11:43:09]:  SELECT  book_id, title, detail, price, image, date, ctg_id  FROM  Book     []
[SQL_LOG:2021-04-01 11:43:10]:  SELECT  customer_no  FROM  session  WHERE  session_key = ?     [cef0cf0642057c7dbea6a9f4ed2cc9c6]
[SQL_LOG:2021-04-01 11:43:10]:  SELECT  ctg_id, category_name  FROM  category     []
[SQL_LOG:2021-04-01 11:43:10]:  SELECT  book_id, title, detail, price, image, date, ctg_id  FROM  Book     []
[SQL_LOG:2021-04-01 11:58:50]:  SELECT  customer_no  FROM  session  WHERE  session_key = ?     [cef0cf0642057c7dbea6a9f4ed2cc9c6]
[SQL_LOG:2021-04-01 11:58:50]:  SELECT  ctg_id, category_name  FROM  category     []
[SQL_LOG:2021-04-01 11:58:50]:  SELECT  book_id, title, detail, price, image, date, ctg_id  FROM  Book     []
[SQL_LOG:2021-04-01 11:58:51]:  SELECT  customer_no  FROM  session  WHERE  session_key = ?     [cef0cf0642057c7dbea6a9f4ed2cc9c6]
[SQL_LOG:2021-04-01 11:58:51]:  SELECT  ctg_id, category_name  FROM  category     []
[SQL_LOG:2021-04-01 11:58:51]:  SELECT  book_id, title, detail, price, image, date, ctg_id  FROM  Book     []
[SQL_LOG:2021-04-01 11:58:57]:  SELECT  customer_no  FROM  session  WHERE  session_key = ?     [cef0cf0642057c7dbea6a9f4ed2cc9c6]
[SQL_LOG:2021-04-01 11:58:57]:  SELECT  ctg_id, category_name  FROM  category     []
[SQL_LOG:2021-04-01 11:58:57]:  SELECT  book_id, title, detail, price, image, date, ctg_id  FROM  Book     []
[SQL_LOG:2021-04-01 11:58:58]:  SELECT  customer_no  FROM  session  WHERE  session_key = ?     [cef0cf0642057c7dbea6a9f4ed2cc9c6]
[SQL_LOG:2021-04-01 11:58:58]:  SELECT  ctg_id, category_name  FROM  category     []
[SQL_LOG:2021-04-01 11:58:58]:  SELECT  book_id, title, detail, price, image, date, ctg_id  FROM  Book     []
[SQL_LOG:2021-04-01 12:11:52]:  SELECT  customer_no  FROM  session  WHERE  session_key = ?     [cef0cf0642057c7dbea6a9f4ed2cc9c6]
[SQL_LOG:2021-04-01 12:11:52]:  SELECT  ctg_id, category_name  FROM  category     []
[SQL_LOG:2021-04-01 12:11:52]:  SELECT  book_id, title, detail, price, image, date, ctg_id  FROM  Book     []
[SQL_LOG:2021-04-01 12:11:58]:  SELECT  customer_no  FROM  session  WHERE  session_key = ?     [cef0cf0642057c7dbea6a9f4ed2cc9c6]
[SQL_LOG:2021-04-01 12:11:58]:  SELECT  ctg_id, category_name  FROM  category     []
[SQL_LOG:2021-04-01 12:11:58]:  SELECT  book_id, title, detail, price, image, date, ctg_id  FROM  Book     []
[SQL_LOG:2021-04-01 12:13:14]:  SELECT  customer_no  FROM  session  WHERE  session_key = ?     [cef0cf0642057c7dbea6a9f4ed2cc9c6]
[SQL_LOG:2021-04-01 12:13:14]:  SELECT  ctg_id, category_name  FROM  category     []
[SQL_LOG:2021-04-01 12:13:14]:  SELECT  book_id, title, detail, price, image, date, ctg_id  FROM  Book     []
[SQL_LOG:2021-04-01 12:13:19]:  SELECT  customer_no  FROM  session  WHERE  session_key = ?     [cef0cf0642057c7dbea6a9f4ed2cc9c6]
[SQL_LOG:2021-04-01 12:13:19]:  SELECT  ctg_id, category_name  FROM  category     []
[SQL_LOG:2021-04-01 12:13:19]:  SELECT  book_id, title, detail, price, image, date, ctg_id  FROM  Book     []
[SQL_LOG:2021-04-01 12:30:17]:  SELECT  customer_no  FROM  session  WHERE  session_key = ?     [cef0cf0642057c7dbea6a9f4ed2cc9c6]
[SQL_LOG:2021-04-01 12:30:17]:  SELECT  ctg_id, category_name  FROM  category     []
[SQL_LOG:2021-04-01 12:30:17]:  SELECT  book_id, title, detail, price, image, date, ctg_id  FROM  Book     []
[SQL_LOG:2021-04-01 12:30:18]:  SELECT  customer_no  FROM  session  WHERE  session_key = ?     [cef0cf0642057c7dbea6a9f4ed2cc9c6]
[SQL_LOG:2021-04-01 12:30:18]:  SELECT  ctg_id, category_name  FROM  category     []
[SQL_LOG:2021-04-01 12:30:18]:  SELECT  book_id, title, detail, price, image, date, ctg_id  FROM  Book     []
[SQL_LOG:2021-04-01 12:30:19]:  SELECT  customer_no  FROM  session  WHERE  session_key = ?     [cef0cf0642057c7dbea6a9f4ed2cc9c6]
[SQL_LOG:2021-04-01 12:30:19]:  SELECT  ctg_id, category_name  FROM  category     []
[SQL_LOG:2021-04-01 12:30:19]:  SELECT  book_id, title, detail, price, image, date, ctg_id  FROM  Book     []
[SQL_LOG:2021-04-01 14:23:00]:  SELECT  customer_no  FROM  session  WHERE  session_key = ?     [cef0cf0642057c7dbea6a9f4ed2cc9c6]
[SQL_LOG:2021-04-01 14:23:00]:  SELECT  ctg_id, category_name  FROM  category     []
[SQL_LOG:2021-04-01 14:23:00]:  SELECT  book_id, title, detail, price, image, date, ctg_id  FROM  Book     []
[SQL_LOG:2021-04-01 14:23:03]:  SELECT  customer_no  FROM  session  WHERE  session_key = ?     [cef0cf0642057c7dbea6a9f4ed2cc9c6]
[SQL_LOG:2021-04-01 14:23:03]:  SELECT  ctg_id, category_name  FROM  category     []
[SQL_LOG:2021-04-01 14:23:03]:  SELECT  book_id, title, detail, price, image, date, ctg_id  FROM  Book     []
[SQL_LOG:2021-04-01 14:23:05]:  SELECT  customer_no  FROM  session  WHERE  session_key = ?     [cef0cf0642057c7dbea6a9f4ed2cc9c6]
[SQL_LOG:2021-04-01 14:23:05]:  SELECT  ctg_id, category_name  FROM  category     []
[SQL_LOG:2021-04-01 14:23:05]:  SELECT  book_id, title, detail, price, image, date, ctg_id  FROM  Book     []
[SQL_LOG:2021-04-01 14:32:35]:  SELECT  customer_no  FROM  session  WHERE  session_key = ?     [cef0cf0642057c7dbea6a9f4ed2cc9c6]
[SQL_LOG:2021-04-01 14:32:35]:  SELECT  ctg_id, category_name  FROM  category     []
[SQL_LOG:2021-04-01 14:32:35]:  SELECT  book_id, title, detail, price, image, date, ctg_id  FROM  Book     []
[SQL_LOG:2021-04-01 14:32:41]:  SELECT  customer_no  FROM  session  WHERE  session_key = ?     [cef0cf0642057c7dbea6a9f4ed2cc9c6]
[SQL_LOG:2021-04-01 14:32:41]:  SELECT  ctg_id, category_name  FROM  category     []
[SQL_LOG:2021-04-01 14:32:41]:  SELECT  book_id, title, detail, price, image, date, ctg_id  FROM  Book     []
[SQL_LOG:2021-04-01 16:55:08]:  SELECT  customer_no  FROM  session  WHERE  session_key = ?     [cef0cf0642057c7dbea6a9f4ed2cc9c6]
[SQL_LOG:2021-04-01 16:55:08]:  SELECT  ctg_id, category_name  FROM  category     []
[SQL_LOG:2021-04-01 16:55:08]:  SELECT  book_id, title, detail, price, image, date, ctg_id  FROM  Book     []
[SQL_LOG:2021-04-01 16:55:10]:  SELECT  customer_no  FROM  session  WHERE  session_key = ?     [cef0cf0642057c7dbea6a9f4ed2cc9c6]
[SQL_LOG:2021-04-01 16:55:10]:  SELECT  ctg_id, category_name  FROM  category     []
[SQL_LOG:2021-04-01 16:55:10]:  SELECT  book_id, title, detail, price, image, date, ctg_id  FROM  Book     []
[SQL_LOG:2021-04-01 16:55:12]:  SELECT  customer_no  FROM  session  WHERE  session_key = ?     [cef0cf0642057c7dbea6a9f4ed2cc9c6]
[SQL_LOG:2021-04-01 16:55:12]:  SELECT  ctg_id, category_name  FROM  category     []
[SQL_LOG:2021-04-01 16:55:12]:  SELECT  book_id, title, detail, price, image, date, ctg_id  FROM  Book     []
[SQL_LOG:2021-04-02 09:37:52]:  SELECT  customer_no  FROM  session  WHERE  session_key = ?     [6f5bd24cc1ca4baa9a1eed80273426a1]
[SQL_LOG:2021-04-02 09:37:52]:  INSERT INTO  session (session_key ) VALUES (?)  [6f5bd24cc1ca4baa9a1eed80273426a1]
[SQL_LOG:2021-04-02 09:37:52]:  SELECT  ctg_id, category_name  FROM  category     []
[SQL_LOG:2021-04-02 09:37:52]:  SELECT  book_id, title, detail, price, image, date, ctg_id  FROM  Book     []
[SQL_LOG:2021-04-02 09:55:38]:  SELECT  customer_no  FROM  session  WHERE  session_key = ?     [6f5bd24cc1ca4baa9a1eed80273426a1]
[SQL_LOG:2021-04-02 09:55:38]:  SELECT  ctg_id, category_name  FROM  category     []
[SQL_LOG:2021-04-02 09:55:38]:  SELECT  book_id, title, detail, price, image, date, ctg_id  FROM  Book     []
[SQL_LOG:2021-04-04 15:12:23]:  SELECT  customer_no  FROM  session  WHERE  session_key = ?     [96215e2ead3dba433892cfba1b6f842a]
[SQL_LOG:2021-04-04 15:12:23]:  INSERT INTO  session (session_key ) VALUES (?)  [96215e2ead3dba433892cfba1b6f842a]
[SQL_LOG:2021-04-04 15:12:23]:  SELECT  ctg_id, category_name  FROM  category     []
[SQL_LOG:2021-04-04 15:12:23]:  SELECT  book_id, title, detail, price, image, date, ctg_id  FROM  Book     []
[SQL_LOG:2021-04-04 15:12:25]:  SELECT  customer_no  FROM  session  WHERE  session_key = ?     [96215e2ead3dba433892cfba1b6f842a]
[SQL_LOG:2021-04-04 15:12:25]:  SELECT  ctg_id, category_name  FROM  category     []
[SQL_LOG:2021-04-04 15:12:25]:  SELECT  book_id, title, detail, price, image, date, ctg_id  FROM  Book     []
[SQL_LOG:2021-04-05 09:39:31]:  SELECT  customer_no  FROM  session  WHERE  session_key = ?     [96215e2ead3dba433892cfba1b6f842a]
[SQL_LOG:2021-04-05 09:39:31]:  SELECT  ctg_id, category_name  FROM  category     []
[SQL_LOG:2021-04-05 09:39:31]:  SELECT  book_id, title, detail, price, image, date, ctg_id  FROM  Book     []
[SQL_LOG:2021-04-05 09:39:33]:  SELECT  customer_no  FROM  session  WHERE  session_key = ?     [96215e2ead3dba433892cfba1b6f842a]
[SQL_LOG:2021-04-05 09:39:33]:  SELECT  ctg_id, category_name  FROM  category     []
[SQL_LOG:2021-04-05 09:39:33]:  SELECT  book_id, title, detail, price, image, date, ctg_id  FROM  Book     []
[SQL_LOG:2021-04-05 10:37:23]:  SELECT  customer_no  FROM  session  WHERE  session_key = ?     [96215e2ead3dba433892cfba1b6f842a]
[SQL_LOG:2021-04-05 10:37:23]:  SELECT  ctg_id, category_name  FROM  category     []
[SQL_LOG:2021-04-05 10:37:23]:  SELECT  book_id, title, detail, price, image, date, ctg_id  FROM  Book     []
[SQL_LOG:2021-04-05 10:41:35]:  SELECT  customer_no  FROM  session  WHERE  session_key = ?     [96215e2ead3dba433892cfba1b6f842a]
[SQL_LOG:2021-04-05 10:41:35]:  SELECT  ctg_id, category_name  FROM  category     []
[SQL_LOG:2021-04-05 10:41:35]:  SELECT  book_id, title, detail, price, image, date, ctg_id  FROM  Book     []
[SQL_LOG:2021-04-05 10:41:37]:  SELECT  customer_no  FROM  session  WHERE  session_key = ?     [96215e2ead3dba433892cfba1b6f842a]
[SQL_LOG:2021-04-05 10:41:37]:  SELECT  ctg_id, category_name  FROM  category     []
[SQL_LOG:2021-04-05 10:41:37]:  SELECT  book_id, title, detail, price, image, date, ctg_id  FROM  Book     []
[SQL_LOG:2021-04-05 10:53:26]:  SELECT  customer_no  FROM  session  WHERE  session_key = ?     [720cc5322a1f9f30e5215f17f12fd1ab]
[SQL_LOG:2021-04-05 10:53:26]:  INSERT INTO  session (session_key ) VALUES (?)  [720cc5322a1f9f30e5215f17f12fd1ab]
[SQL_LOG:2021-04-05 10:53:26]:  SELECT  ctg_id, category_name  FROM  category     []
[SQL_LOG:2021-04-05 10:53:26]:  SELECT  book_id, title, detail, price, image, date, ctg_id  FROM  Book     []
[SQL_LOG:2021-04-05 10:53:31]:  SELECT  customer_no  FROM  session  WHERE  session_key = ?     [720cc5322a1f9f30e5215f17f12fd1ab]
[SQL_LOG:2021-04-05 10:53:31]:  SELECT  ctg_id, category_name  FROM  category     []
[SQL_LOG:2021-04-05 10:53:31]:  SELECT  book_id, title, detail, price, image, date, ctg_id  FROM  Book     []
[SQL_LOG:2021-04-05 12:04:35]:  SELECT  customer_no  FROM  session  WHERE  session_key = ?     [720cc5322a1f9f30e5215f17f12fd1ab]
[SQL_LOG:2021-04-05 12:04:35]:  SELECT  ctg_id, category_name  FROM  category     []
[SQL_LOG:2021-04-05 12:04:35]:  SELECT  book_id, title, detail, price, image, date, ctg_id  FROM  Book     []
[SQL_LOG:2021-04-05 12:04:37]:  SELECT  customer_no  FROM  session  WHERE  session_key = ?     [720cc5322a1f9f30e5215f17f12fd1ab]
[SQL_LOG:2021-04-05 12:04:37]:  SELECT  ctg_id, category_name  FROM  category     []
[SQL_LOG:2021-04-05 12:04:37]:  SELECT  book_id, title, detail, price, image, date, ctg_id  FROM  Book     []
[SQL_LOG:2021-04-05 12:19:51]:  SELECT  customer_no  FROM  session  WHERE  session_key = ?     [720cc5322a1f9f30e5215f17f12fd1ab]
[SQL_LOG:2021-04-05 12:19:51]:  SELECT  ctg_id, category_name  FROM  category     []
[SQL_LOG:2021-04-05 12:19:51]:  SELECT  book_id, title, detail, price, image, date, ctg_id  FROM  Book     []
[SQL_LOG:2021-04-05 12:19:52]:  SELECT  customer_no  FROM  session  WHERE  session_key = ?     [720cc5322a1f9f30e5215f17f12fd1ab]
[SQL_LOG:2021-04-05 12:19:52]:  SELECT  ctg_id, category_name  FROM  category     []
[SQL_LOG:2021-04-05 12:19:52]:  SELECT  book_id, title, detail, price, image, date, ctg_id  FROM  Book     []
[SQL_LOG:2021-04-05 14:01:35]:  SELECT  customer_no  FROM  session  WHERE  session_key = ?     [720cc5322a1f9f30e5215f17f12fd1ab]
[SQL_LOG:2021-04-05 14:01:35]:  SELECT  ctg_id, category_name  FROM  category     []
[SQL_LOG:2021-04-05 14:01:35]:  SELECT  book_id, title, detail, price, image, date, ctg_id  FROM  Book     []
[SQL_LOG:2021-04-05 14:01:39]:  SELECT  customer_no  FROM  session  WHERE  session_key = ?     [720cc5322a1f9f30e5215f17f12fd1ab]
[SQL_LOG:2021-04-05 14:01:39]:  SELECT  ctg_id, category_name  FROM  category     []
[SQL_LOG:2021-04-05 14:01:39]:  SELECT  book_id, title, detail, price, image, date, ctg_id  FROM  Book     []
[SQL_LOG:2021-04-05 14:02:40]:  SELECT  customer_no  FROM  session  WHERE  session_key = ?     [720cc5322a1f9f30e5215f17f12fd1ab]
[SQL_LOG:2021-04-05 14:02:40]:  SELECT  ctg_id, category_name  FROM  category     []
[SQL_LOG:2021-04-05 14:02:40]:  SELECT  book_id, title, detail, price, image, date, ctg_id  FROM  Book     []
[SQL_LOG:2021-04-05 14:02:44]:  SELECT  customer_no  FROM  session  WHERE  session_key = ?     [720cc5322a1f9f30e5215f17f12fd1ab]
[SQL_LOG:2021-04-05 14:02:44]:  SELECT  ctg_id, category_name  FROM  category     []
[SQL_LOG:2021-04-05 14:02:44]:  SELECT  book_id, title, detail, price, image, date, ctg_id  FROM  Book     []
[SQL_LOG:2021-04-05 14:02:46]:  SELECT  customer_no  FROM  session  WHERE  session_key = ?     [720cc5322a1f9f30e5215f17f12fd1ab]
[SQL_LOG:2021-04-05 14:02:46]:  SELECT  ctg_id, category_name  FROM  category     []
[SQL_LOG:2021-04-05 14:02:46]:  SELECT  book_id, title, detail, price, image, date, ctg_id  FROM  Book     []
[SQL_LOG:2021-04-05 14:05:16]:  SELECT  customer_no  FROM  session  WHERE  session_key = ?     [720cc5322a1f9f30e5215f17f12fd1ab]
[SQL_LOG:2021-04-05 14:05:16]:  SELECT  ctg_id, category_name  FROM  category     []
[SQL_LOG:2021-04-05 14:05:16]:  SELECT  book_id, title, detail, price, image, date, ctg_id  FROM  Book     []
[SQL_LOG:2021-04-05 14:05:17]:  SELECT  customer_no  FROM  session  WHERE  session_key = ?     [720cc5322a1f9f30e5215f17f12fd1ab]
[SQL_LOG:2021-04-05 14:05:17]:  SELECT  ctg_id, category_name  FROM  category     []
[SQL_LOG:2021-04-05 14:05:17]:  SELECT  book_id, title, detail, price, image, date, ctg_id  FROM  Book     []
[SQL_LOG:2021-04-05 14:06:25]:  SELECT  customer_no  FROM  session  WHERE  session_key = ?     [720cc5322a1f9f30e5215f17f12fd1ab]
[SQL_LOG:2021-04-05 14:06:25]:  SELECT  ctg_id, category_name  FROM  category     []
[SQL_LOG:2021-04-05 14:06:25]:  SELECT  book_id, title, detail, price, image, date, ctg_id  FROM  Book     []
[SQL_LOG:2021-04-05 14:06:27]:  SELECT  customer_no  FROM  session  WHERE  session_key = ?     [720cc5322a1f9f30e5215f17f12fd1ab]
[SQL_LOG:2021-04-05 14:06:27]:  SELECT  ctg_id, category_name  FROM  category     []
[SQL_LOG:2021-04-05 14:06:27]:  SELECT  book_id, title, detail, price, image, date, ctg_id  FROM  Book     []
[SQL_LOG:2021-04-05 14:06:28]:  SELECT  customer_no  FROM  session  WHERE  session_key = ?     [720cc5322a1f9f30e5215f17f12fd1ab]
[SQL_LOG:2021-04-05 14:06:28]:  SELECT  ctg_id, category_name  FROM  category     []
[SQL_LOG:2021-04-05 14:06:28]:  SELECT  book_id, title, detail, price, image, date, ctg_id  FROM  Book     []
